{
    "Role": {
        "Path": "/",
        "RoleName": "lambda-exmplo",
        "RoleId": "AROA4OCJAMZGA2QDRPJNN",
        "Arn": "arn:aws:iam::854851610188:role/lambda-exmplo",
        "CreateDate": "2023-06-16T19:48:54+00:00",
        "AssumeRolePolicyDocument": {
            "Version": "2012-10-17",
            "Statement": [
                {
                    "Effect": "Allow",
                    "Principal": {
                        "Service": "lambda.amazonaws.com"
                    },
                    "Action": "sts:AssumeRole"
                }
            ]
        }
    }
}
