{
    "FunctionName": "hello-cli",
    "FunctionArn": "arn:aws:lambda:us-east-1:854851610188:function:hello-cli:2",
    "Runtime": "nodejs18.x",
    "Role": "arn:aws:iam::854851610188:role/lambda-exmplo",
    "Handler": "index.handler",
    "CodeSize": 328,
    "Description": "",
    "Timeout": 3,
    "MemorySize": 128,
    "LastModified": "2023-06-16T20:04:10.000+0000",
    "CodeSha256": "tdOnE0jjvNaFVJcgXpCXuGYzrqHUm4zeU3BQPOpv1Zg=",
    "Version": "2",
    "TracingConfig": {
        "Mode": "PassThrough"
    },
    "RevisionId": "a36a5862-5132-4915-8f00-45cf6702cbe6",
    "State": "Pending",
    "StateReason": "The function is being created.",
    "StateReasonCode": "Creating",
    "PackageType": "Zip",
    "Architectures": [
        "x86_64"
    ],
    "EphemeralStorage": {
        "Size": 512
    },
    "SnapStart": {
        "ApplyOn": "None",
        "OptimizationStatus": "Off"
    },
    "RuntimeVersionConfig": {
        "RuntimeVersionArn": "arn:aws:lambda:us-east-1::runtime:26e9402591d9c467cdcc7355f843d61968f36ecb6e9ef5ab253cc21163343275"
    }
}
