{
    "FunctionName": "hello-cli",
    "FunctionArn": "arn:aws:lambda:us-east-1:854851610188:function:hello-cli",
    "Runtime": "nodejs18.x",
    "Role": "arn:aws:iam::854851610188:role/lambda-exmplo",
    "Handler": "index.handler",
    "CodeSize": 323,
    "Description": "",
    "Timeout": 3,
    "MemorySize": 128,
    "LastModified": "2023-06-16T19:58:43.469+0000",
    "CodeSha256": "8RXXrk0lUn+os8SRzYUy+L3h6xa6BgeMtmhhpjjZtTU=",
    "Version": "$LATEST",
    "TracingConfig": {
        "Mode": "PassThrough"
    },
    "RevisionId": "b4e6766a-4894-4c0b-ad42-5bf1532abfdc",
    "State": "Pending",
    "StateReason": "The function is being created.",
    "StateReasonCode": "Creating",
    "PackageType": "Zip",
    "Architectures": [
        "x86_64"
    ],
    "EphemeralStorage": {
        "Size": 512
    },
    "SnapStart": {
        "ApplyOn": "None",
        "OptimizationStatus": "Off"
    },
    "RuntimeVersionConfig": {
        "RuntimeVersionArn": "arn:aws:lambda:us-east-1::runtime:26e9402591d9c467cdcc7355f843d61968f36ecb6e9ef5ab253cc21163343275"
    }
}
